D:\MICROSOFT VISUAL STUDIO\PROJECTS\ACS\ACS\DEBUG\VC110.PDB
D:\MICROSOFT VISUAL STUDIO\PROJECTS\ACS\ACS\DEBUG\MACHINE.OBJ
D:\MICROSOFT VISUAL STUDIO\PROJECTS\ACS\ACS\DEBUG\MAIN.OBJ
D:\MICROSOFT VISUAL STUDIO\PROJECTS\ACS\ACS\DEBUG\WEAPON.OBJ
D:\MICROSOFT VISUAL STUDIO\PROJECTS\ACS\ACS\DEBUG\GAMELOGIC.OBJ
D:\MICROSOFT VISUAL STUDIO\PROJECTS\ACS\ACS\DEBUG\IOMANAGER.OBJ
D:\MICROSOFT VISUAL STUDIO\PROJECTS\ACS\ACS\DEBUG\AIRCARRIER.OBJ
D:\MICROSOFT VISUAL STUDIO\PROJECTS\ACS\ACS\DEBUG\MISSION.OBJ
D:\MICROSOFT VISUAL STUDIO\PROJECTS\ACS\ACS\DEBUG\OPERATION.OBJ
D:\MICROSOFT VISUAL STUDIO\PROJECTS\ACS\ACS\DEBUG\CAMPAIGN.OBJ
D:\MICROSOFT VISUAL STUDIO\PROJECTS\ACS\ACS\DEBUG\BUSYMANAGER.OBJ
D:\Microsoft Visual Studio\Projects\ACS\ACS\Debug\AirCarrier.obj
D:\Microsoft Visual Studio\Projects\ACS\ACS\Debug\BusyManager.obj
D:\Microsoft Visual Studio\Projects\ACS\ACS\Debug\Campaign.obj
D:\Microsoft Visual Studio\Projects\ACS\ACS\Debug\GameLogic.obj
D:\Microsoft Visual Studio\Projects\ACS\ACS\Debug\IOManager.obj
D:\Microsoft Visual Studio\Projects\ACS\ACS\Debug\Machine.obj
D:\Microsoft Visual Studio\Projects\ACS\ACS\Debug\main.obj
D:\Microsoft Visual Studio\Projects\ACS\ACS\Debug\Mission.obj
D:\Microsoft Visual Studio\Projects\ACS\ACS\Debug\Operation.obj
D:\Microsoft Visual Studio\Projects\ACS\ACS\Debug\Weapon.obj
D:\Microsoft Visual Studio\Projects\ACS\ACS\Debug\cl.command.1.tlog
D:\Microsoft Visual Studio\Projects\ACS\ACS\Debug\CL.read.1.tlog
D:\Microsoft Visual Studio\Projects\ACS\ACS\Debug\CL.write.1.tlog
D:\Microsoft Visual Studio\Projects\ACS\ACS\Debug\link-cvtres.read.1.tlog
D:\Microsoft Visual Studio\Projects\ACS\ACS\Debug\link-cvtres.write.1.tlog
D:\Microsoft Visual Studio\Projects\ACS\ACS\Debug\link-rc.read.1.tlog
D:\Microsoft Visual Studio\Projects\ACS\ACS\Debug\link-rc.write.1.tlog
D:\Microsoft Visual Studio\Projects\ACS\ACS\Debug\link.1056-cvtres.read.1.tlog
D:\Microsoft Visual Studio\Projects\ACS\ACS\Debug\link.1056-cvtres.write.1.tlog
D:\Microsoft Visual Studio\Projects\ACS\ACS\Debug\link.1056-rc.read.1.tlog
D:\Microsoft Visual Studio\Projects\ACS\ACS\Debug\link.1056-rc.write.1.tlog
D:\Microsoft Visual Studio\Projects\ACS\ACS\Debug\link.1056.read.1.tlog
D:\Microsoft Visual Studio\Projects\ACS\ACS\Debug\link.1056.write.1.tlog
D:\Microsoft Visual Studio\Projects\ACS\ACS\Debug\link.1068-cvtres.read.1.tlog
D:\Microsoft Visual Studio\Projects\ACS\ACS\Debug\link.1068-cvtres.write.1.tlog
D:\Microsoft Visual Studio\Projects\ACS\ACS\Debug\link.1068-rc.read.1.tlog
D:\Microsoft Visual Studio\Projects\ACS\ACS\Debug\link.1068-rc.write.1.tlog
D:\Microsoft Visual Studio\Projects\ACS\ACS\Debug\link.1068.read.1.tlog
D:\Microsoft Visual Studio\Projects\ACS\ACS\Debug\link.1068.write.1.tlog
D:\Microsoft Visual Studio\Projects\ACS\ACS\Debug\link.1316-cvtres.read.1.tlog
D:\Microsoft Visual Studio\Projects\ACS\ACS\Debug\link.1316-cvtres.write.1.tlog
D:\Microsoft Visual Studio\Projects\ACS\ACS\Debug\link.1316-rc.read.1.tlog
D:\Microsoft Visual Studio\Projects\ACS\ACS\Debug\link.1316-rc.write.1.tlog
D:\Microsoft Visual Studio\Projects\ACS\ACS\Debug\link.1316.read.1.tlog
D:\Microsoft Visual Studio\Projects\ACS\ACS\Debug\link.1316.write.1.tlog
D:\Microsoft Visual Studio\Projects\ACS\ACS\Debug\link.1900-cvtres.read.1.tlog
D:\Microsoft Visual Studio\Projects\ACS\ACS\Debug\link.1900-cvtres.write.1.tlog
D:\Microsoft Visual Studio\Projects\ACS\ACS\Debug\link.1900-rc.read.1.tlog
D:\Microsoft Visual Studio\Projects\ACS\ACS\Debug\link.1900-rc.write.1.tlog
D:\Microsoft Visual Studio\Projects\ACS\ACS\Debug\link.1900.read.1.tlog
D:\Microsoft Visual Studio\Projects\ACS\ACS\Debug\link.1900.write.1.tlog
D:\Microsoft Visual Studio\Projects\ACS\ACS\Debug\link.2348-cvtres.read.1.tlog
D:\Microsoft Visual Studio\Projects\ACS\ACS\Debug\link.2348-cvtres.write.1.tlog
D:\Microsoft Visual Studio\Projects\ACS\ACS\Debug\link.2348-rc.read.1.tlog
D:\Microsoft Visual Studio\Projects\ACS\ACS\Debug\link.2348-rc.write.1.tlog
D:\Microsoft Visual Studio\Projects\ACS\ACS\Debug\link.2348.read.1.tlog
D:\Microsoft Visual Studio\Projects\ACS\ACS\Debug\link.2348.write.1.tlog
D:\Microsoft Visual Studio\Projects\ACS\ACS\Debug\link.3032-cvtres.read.1.tlog
D:\Microsoft Visual Studio\Projects\ACS\ACS\Debug\link.3032-cvtres.write.1.tlog
D:\Microsoft Visual Studio\Projects\ACS\ACS\Debug\link.3032-rc.read.1.tlog
D:\Microsoft Visual Studio\Projects\ACS\ACS\Debug\link.3032-rc.write.1.tlog
D:\Microsoft Visual Studio\Projects\ACS\ACS\Debug\link.3032.read.1.tlog
D:\Microsoft Visual Studio\Projects\ACS\ACS\Debug\link.3032.write.1.tlog
D:\Microsoft Visual Studio\Projects\ACS\ACS\Debug\link.3092-cvtres.read.1.tlog
D:\Microsoft Visual Studio\Projects\ACS\ACS\Debug\link.3092-cvtres.write.1.tlog
D:\Microsoft Visual Studio\Projects\ACS\ACS\Debug\link.3092-rc.read.1.tlog
D:\Microsoft Visual Studio\Projects\ACS\ACS\Debug\link.3092-rc.write.1.tlog
D:\Microsoft Visual Studio\Projects\ACS\ACS\Debug\link.3092.read.1.tlog
D:\Microsoft Visual Studio\Projects\ACS\ACS\Debug\link.3092.write.1.tlog
D:\Microsoft Visual Studio\Projects\ACS\ACS\Debug\link.3160-cvtres.read.1.tlog
D:\Microsoft Visual Studio\Projects\ACS\ACS\Debug\link.3160-cvtres.write.1.tlog
D:\Microsoft Visual Studio\Projects\ACS\ACS\Debug\link.3160-rc.read.1.tlog
D:\Microsoft Visual Studio\Projects\ACS\ACS\Debug\link.3160-rc.write.1.tlog
D:\Microsoft Visual Studio\Projects\ACS\ACS\Debug\link.3160.read.1.tlog
D:\Microsoft Visual Studio\Projects\ACS\ACS\Debug\link.3160.write.1.tlog
D:\Microsoft Visual Studio\Projects\ACS\ACS\Debug\link.3288-cvtres.read.1.tlog
D:\Microsoft Visual Studio\Projects\ACS\ACS\Debug\link.3288-cvtres.write.1.tlog
D:\Microsoft Visual Studio\Projects\ACS\ACS\Debug\link.3288-rc.read.1.tlog
D:\Microsoft Visual Studio\Projects\ACS\ACS\Debug\link.3288-rc.write.1.tlog
D:\Microsoft Visual Studio\Projects\ACS\ACS\Debug\link.3288.read.1.tlog
D:\Microsoft Visual Studio\Projects\ACS\ACS\Debug\link.3288.write.1.tlog
D:\Microsoft Visual Studio\Projects\ACS\ACS\Debug\link.3356-cvtres.read.1.tlog
D:\Microsoft Visual Studio\Projects\ACS\ACS\Debug\link.3356-cvtres.write.1.tlog
D:\Microsoft Visual Studio\Projects\ACS\ACS\Debug\link.3356-rc.read.1.tlog
D:\Microsoft Visual Studio\Projects\ACS\ACS\Debug\link.3356-rc.write.1.tlog
D:\Microsoft Visual Studio\Projects\ACS\ACS\Debug\link.3356.read.1.tlog
D:\Microsoft Visual Studio\Projects\ACS\ACS\Debug\link.3356.write.1.tlog
D:\Microsoft Visual Studio\Projects\ACS\ACS\Debug\link.3520-cvtres.read.1.tlog
D:\Microsoft Visual Studio\Projects\ACS\ACS\Debug\link.3520-cvtres.write.1.tlog
D:\Microsoft Visual Studio\Projects\ACS\ACS\Debug\link.3520-rc.read.1.tlog
D:\Microsoft Visual Studio\Projects\ACS\ACS\Debug\link.3520-rc.write.1.tlog
D:\Microsoft Visual Studio\Projects\ACS\ACS\Debug\link.3520.read.1.tlog
D:\Microsoft Visual Studio\Projects\ACS\ACS\Debug\link.3520.write.1.tlog
D:\Microsoft Visual Studio\Projects\ACS\ACS\Debug\link.3800-cvtres.read.1.tlog
D:\Microsoft Visual Studio\Projects\ACS\ACS\Debug\link.3800-cvtres.write.1.tlog
D:\Microsoft Visual Studio\Projects\ACS\ACS\Debug\link.3800-rc.read.1.tlog
D:\Microsoft Visual Studio\Projects\ACS\ACS\Debug\link.3800-rc.write.1.tlog
D:\Microsoft Visual Studio\Projects\ACS\ACS\Debug\link.3800.read.1.tlog
D:\Microsoft Visual Studio\Projects\ACS\ACS\Debug\link.3800.write.1.tlog
D:\Microsoft Visual Studio\Projects\ACS\ACS\Debug\link.4128-cvtres.read.1.tlog
D:\Microsoft Visual Studio\Projects\ACS\ACS\Debug\link.4128-cvtres.write.1.tlog
D:\Microsoft Visual Studio\Projects\ACS\ACS\Debug\link.4128-rc.read.1.tlog
D:\Microsoft Visual Studio\Projects\ACS\ACS\Debug\link.4128-rc.write.1.tlog
D:\Microsoft Visual Studio\Projects\ACS\ACS\Debug\link.4128.read.1.tlog
D:\Microsoft Visual Studio\Projects\ACS\ACS\Debug\link.4128.write.1.tlog
D:\Microsoft Visual Studio\Projects\ACS\ACS\Debug\link.4176-cvtres.read.1.tlog
D:\Microsoft Visual Studio\Projects\ACS\ACS\Debug\link.4176-cvtres.write.1.tlog
D:\Microsoft Visual Studio\Projects\ACS\ACS\Debug\link.4176-rc.read.1.tlog
D:\Microsoft Visual Studio\Projects\ACS\ACS\Debug\link.4176-rc.write.1.tlog
D:\Microsoft Visual Studio\Projects\ACS\ACS\Debug\link.4176.read.1.tlog
D:\Microsoft Visual Studio\Projects\ACS\ACS\Debug\link.4176.write.1.tlog
D:\Microsoft Visual Studio\Projects\ACS\ACS\Debug\link.4280-cvtres.read.1.tlog
D:\Microsoft Visual Studio\Projects\ACS\ACS\Debug\link.4280-cvtres.write.1.tlog
D:\Microsoft Visual Studio\Projects\ACS\ACS\Debug\link.4280-rc.read.1.tlog
D:\Microsoft Visual Studio\Projects\ACS\ACS\Debug\link.4280-rc.write.1.tlog
D:\Microsoft Visual Studio\Projects\ACS\ACS\Debug\link.4280.read.1.tlog
D:\Microsoft Visual Studio\Projects\ACS\ACS\Debug\link.4280.write.1.tlog
D:\Microsoft Visual Studio\Projects\ACS\ACS\Debug\link.4420-cvtres.read.1.tlog
D:\Microsoft Visual Studio\Projects\ACS\ACS\Debug\link.4420-cvtres.write.1.tlog
D:\Microsoft Visual Studio\Projects\ACS\ACS\Debug\link.4420-rc.read.1.tlog
D:\Microsoft Visual Studio\Projects\ACS\ACS\Debug\link.4420-rc.write.1.tlog
D:\Microsoft Visual Studio\Projects\ACS\ACS\Debug\link.4420.read.1.tlog
D:\Microsoft Visual Studio\Projects\ACS\ACS\Debug\link.4420.write.1.tlog
D:\Microsoft Visual Studio\Projects\ACS\ACS\Debug\link.4692-cvtres.read.1.tlog
D:\Microsoft Visual Studio\Projects\ACS\ACS\Debug\link.4692-cvtres.write.1.tlog
D:\Microsoft Visual Studio\Projects\ACS\ACS\Debug\link.4692-rc.read.1.tlog
D:\Microsoft Visual Studio\Projects\ACS\ACS\Debug\link.4692-rc.write.1.tlog
D:\Microsoft Visual Studio\Projects\ACS\ACS\Debug\link.4692.read.1.tlog
D:\Microsoft Visual Studio\Projects\ACS\ACS\Debug\link.4692.write.1.tlog
D:\Microsoft Visual Studio\Projects\ACS\ACS\Debug\link.5048-cvtres.read.1.tlog
D:\Microsoft Visual Studio\Projects\ACS\ACS\Debug\link.5048-cvtres.write.1.tlog
D:\Microsoft Visual Studio\Projects\ACS\ACS\Debug\link.5048-rc.read.1.tlog
D:\Microsoft Visual Studio\Projects\ACS\ACS\Debug\link.5048-rc.write.1.tlog
D:\Microsoft Visual Studio\Projects\ACS\ACS\Debug\link.5048.read.1.tlog
D:\Microsoft Visual Studio\Projects\ACS\ACS\Debug\link.5048.write.1.tlog
D:\Microsoft Visual Studio\Projects\ACS\ACS\Debug\link.5076-cvtres.read.1.tlog
D:\Microsoft Visual Studio\Projects\ACS\ACS\Debug\link.5076-cvtres.write.1.tlog
D:\Microsoft Visual Studio\Projects\ACS\ACS\Debug\link.5076-rc.read.1.tlog
D:\Microsoft Visual Studio\Projects\ACS\ACS\Debug\link.5076-rc.write.1.tlog
D:\Microsoft Visual Studio\Projects\ACS\ACS\Debug\link.5076.read.1.tlog
D:\Microsoft Visual Studio\Projects\ACS\ACS\Debug\link.5076.write.1.tlog
D:\Microsoft Visual Studio\Projects\ACS\ACS\Debug\link.5176-cvtres.read.1.tlog
D:\Microsoft Visual Studio\Projects\ACS\ACS\Debug\link.5176-cvtres.write.1.tlog
D:\Microsoft Visual Studio\Projects\ACS\ACS\Debug\link.5176-rc.read.1.tlog
D:\Microsoft Visual Studio\Projects\ACS\ACS\Debug\link.5176-rc.write.1.tlog
D:\Microsoft Visual Studio\Projects\ACS\ACS\Debug\link.5176.read.1.tlog
D:\Microsoft Visual Studio\Projects\ACS\ACS\Debug\link.5176.write.1.tlog
D:\Microsoft Visual Studio\Projects\ACS\ACS\Debug\link.5452-cvtres.read.1.tlog
D:\Microsoft Visual Studio\Projects\ACS\ACS\Debug\link.5452-cvtres.write.1.tlog
D:\Microsoft Visual Studio\Projects\ACS\ACS\Debug\link.5452-rc.read.1.tlog
D:\Microsoft Visual Studio\Projects\ACS\ACS\Debug\link.5452-rc.write.1.tlog
D:\Microsoft Visual Studio\Projects\ACS\ACS\Debug\link.5452.read.1.tlog
D:\Microsoft Visual Studio\Projects\ACS\ACS\Debug\link.5452.write.1.tlog
D:\Microsoft Visual Studio\Projects\ACS\ACS\Debug\link.5672-cvtres.read.1.tlog
D:\Microsoft Visual Studio\Projects\ACS\ACS\Debug\link.5672-cvtres.write.1.tlog
D:\Microsoft Visual Studio\Projects\ACS\ACS\Debug\link.5672-rc.read.1.tlog
D:\Microsoft Visual Studio\Projects\ACS\ACS\Debug\link.5672-rc.write.1.tlog
D:\Microsoft Visual Studio\Projects\ACS\ACS\Debug\link.5672.read.1.tlog
D:\Microsoft Visual Studio\Projects\ACS\ACS\Debug\link.5672.write.1.tlog
D:\Microsoft Visual Studio\Projects\ACS\ACS\Debug\link.5936-cvtres.read.1.tlog
D:\Microsoft Visual Studio\Projects\ACS\ACS\Debug\link.5936-cvtres.write.1.tlog
D:\Microsoft Visual Studio\Projects\ACS\ACS\Debug\link.5936-rc.read.1.tlog
D:\Microsoft Visual Studio\Projects\ACS\ACS\Debug\link.5936-rc.write.1.tlog
D:\Microsoft Visual Studio\Projects\ACS\ACS\Debug\link.5936.read.1.tlog
D:\Microsoft Visual Studio\Projects\ACS\ACS\Debug\link.5936.write.1.tlog
D:\Microsoft Visual Studio\Projects\ACS\ACS\Debug\link.912-cvtres.read.1.tlog
D:\Microsoft Visual Studio\Projects\ACS\ACS\Debug\link.912-cvtres.write.1.tlog
D:\Microsoft Visual Studio\Projects\ACS\ACS\Debug\link.912-rc.read.1.tlog
D:\Microsoft Visual Studio\Projects\ACS\ACS\Debug\link.912-rc.write.1.tlog
D:\Microsoft Visual Studio\Projects\ACS\ACS\Debug\link.912.read.1.tlog
D:\Microsoft Visual Studio\Projects\ACS\ACS\Debug\link.912.write.1.tlog
D:\Microsoft Visual Studio\Projects\ACS\ACS\Debug\link.928-cvtres.read.1.tlog
D:\Microsoft Visual Studio\Projects\ACS\ACS\Debug\link.928-cvtres.write.1.tlog
D:\Microsoft Visual Studio\Projects\ACS\ACS\Debug\link.928-rc.read.1.tlog
D:\Microsoft Visual Studio\Projects\ACS\ACS\Debug\link.928-rc.write.1.tlog
D:\Microsoft Visual Studio\Projects\ACS\ACS\Debug\link.928.read.1.tlog
D:\Microsoft Visual Studio\Projects\ACS\ACS\Debug\link.928.write.1.tlog
D:\Microsoft Visual Studio\Projects\ACS\ACS\Debug\link.command.1.tlog
D:\Microsoft Visual Studio\Projects\ACS\ACS\Debug\link.read.1.tlog
D:\Microsoft Visual Studio\Projects\ACS\ACS\Debug\link.write.1.tlog
D:\Microsoft Visual Studio\Projects\ACS\ACS\Debug\vc110.idb
D:\Microsoft Visual Studio\Projects\ACS\ACS\Debug\vc110.pdb
D:\Microsoft Visual Studio\Projects\ACS\Debug\ACS.pdb
